2020-12-12 00:00:01,100 INFO 68633 [egg-logrotator] app logger reload: got log-reload message
2020-12-12 10:45:19,274 WARN 68633 [TCPBase] socket is closed by other side while there were still unhandled data in the socket buffer
2020-12-12 10:45:19,299 WARN 68633 [ClusterClient:Watcher] follower closed, and try to init it again
2020-12-12 10:54:18,391 INFO 1113 [egg:logger] init all loggers with options: {"dir":"/Users/don/Documents/project/node_study/07-egg/egg-example/logs/egg-example","encoding":"utf8","env":"local","level":"INFO","consoleLevel":"INFO","disableConsoleAfterReady":false,"outputJSON":false,"buffer":true,"appLogName":"egg-example-web.log","coreLogName":"egg-web.log","agentLogName":"egg-agent.log","errorLogName":"common-error.log","coreLogger":{"consoleLevel":"WARN"},"allowDebugAtProd":false,"type":"application"}
2020-12-12 10:54:18,418 INFO 1113 [egg-multipart] stream mode enable
2020-12-12 10:54:18,547 INFO 1113 [egg-static] starting static serve /public/ -> /Users/don/Documents/project/node_study/07-egg/egg-example/app/public
2020-12-12 10:54:18,549 INFO 1113 [egg-security] use csrf middleware
2020-12-12 10:54:18,550 INFO 1113 [egg-security] use methodnoallow middleware
2020-12-12 10:54:18,550 INFO 1113 [egg-security] use noopen middleware
2020-12-12 10:54:18,551 INFO 1113 [egg-security] use nosniff middleware
2020-12-12 10:54:18,551 INFO 1113 [egg-security] use xssProtection middleware
2020-12-12 10:54:18,552 INFO 1113 [egg-security] use xframe middleware
2020-12-12 10:54:18,553 INFO 1113 [egg-security] use dta middleware
2020-12-12 10:54:18,553 INFO 1113 [egg-security] compose 7 middlewares into one security middleware
2020-12-12 10:54:18,559 INFO 1113 [egg:core] dump config after load, 3ms
2020-12-12 10:54:18,571 INFO 1113 [egg-watcher:application] watcher start success
2020-12-12 10:54:18,576 INFO 1113 [egg:core] dump config after ready, 3ms
2020-12-12 11:23:45,177 WARN 1113 [ClusterClient:Watcher] follower closed, and try to init it again
2020-12-12 14:32:55,518 WARN 1113 [ClusterClient:Watcher] follower closed, and try to init it again
2020-12-12 14:49:02,642 WARN 1113 [TCPBase] socket is closed by other side while there were still unhandled data in the socket buffer
2020-12-12 14:49:02,644 WARN 1113 [ClusterClient:Watcher] follower closed, and try to init it again
2020-12-12 16:49:32,677 WARN 1113 [ClusterClient:Watcher] follower closed, and try to init it again
2020-12-12 17:09:38,493 WARN 1113 [ClusterClient:Watcher] follower closed, and try to init it again
2020-12-12 20:09:51,589 WARN 1113 [TCPBase] socket is closed by other side while there were still unhandled data in the socket buffer
2020-12-12 20:09:51,605 WARN 1113 [ClusterClient:Watcher] follower closed, and try to init it again
2020-12-12 20:27:41,204 WARN 1113 [TCPBase] socket is closed by other side while there were still unhandled data in the socket buffer
2020-12-12 20:27:41,206 WARN 1113 [ClusterClient:Watcher] follower closed, and try to init it again
2020-12-12 20:39:51,017 WARN 1113 [ClusterClient:Watcher] follower closed, and try to init it again
2020-12-13 04:55:20,135 WARN 1113 [ClusterClient:Watcher] follower closed, and try to init it again
2020-12-14 06:36:44,903 WARN 1113 [TCPBase] socket is closed by other side while there were still unhandled data in the socket buffer
2020-12-14 06:36:44,908 WARN 1113 [ClusterClient:Watcher] follower closed, and try to init it again
2020-12-14 22:08:07,962 WARN 1113 [ClusterClient:Watcher] follower closed, and try to init it again
2020-12-14 22:09:59,697 WARN 1113 [ClusterClient:Watcher] follower closed, and try to init it again
2020-12-14 22:18:17,217 WARN 1113 [ClusterClient:Watcher] follower closed, and try to init it again
2020-12-15 00:02:18,262 WARN 1113 [ClusterClient:Watcher] follower closed, and try to init it again
2020-12-15 01:11:00,496 WARN 1113 [TCPBase] socket is closed by other side while there were still unhandled data in the socket buffer
2020-12-15 01:11:00,497 WARN 1113 [ClusterClient:Watcher] follower closed, and try to init it again
2020-12-15 02:59:12,513 WARN 1113 [ClusterClient:Watcher] follower closed, and try to init it again
2020-12-15 04:47:10,122 WARN 1113 [ClusterClient:Watcher] follower closed, and try to init it again
2020-12-15 06:35:25,611 WARN 1113 [ClusterClient:Watcher] follower closed, and try to init it again
2020-12-15 08:23:40,211 WARN 1113 [ClusterClient:Watcher] follower closed, and try to init it again
2020-12-15 10:11:54,547 WARN 1113 [ClusterClient:Watcher] follower closed, and try to init it again
2020-12-15 11:59:49,922 WARN 1113 [TCPBase] socket is closed by other side while there were still unhandled data in the socket buffer
2020-12-15 11:59:49,922 WARN 1113 [ClusterClient:Watcher] follower closed, and try to init it again
2020-12-15 13:48:05,301 WARN 1113 [ClusterClient:Watcher] follower closed, and try to init it again
2020-12-15 15:36:19,652 WARN 1113 [ClusterClient:Watcher] follower closed, and try to init it again
2020-12-15 17:24:13,153 WARN 1113 [ClusterClient:Watcher] follower closed, and try to init it again
2020-12-15 19:12:26,609 WARN 1113 [TCPBase] socket is closed by other side while there were still unhandled data in the socket buffer
2020-12-15 19:12:26,609 WARN 1113 [ClusterClient:Watcher] follower closed, and try to init it again
2020-12-15 21:00:38,268 WARN 1113 [ClusterClient:Watcher] follower closed, and try to init it again
2020-12-15 22:09:09,692 WARN 1113 [ClusterClient:Watcher] follower closed, and try to init it again
2020-12-15 23:57:24,190 WARN 1113 [ClusterClient:Watcher] follower closed, and try to init it again
2020-12-16 01:45:39,829 WARN 1113 [ClusterClient:Watcher] follower closed, and try to init it again
2020-12-16 03:33:33,305 WARN 1113 [TCPBase] socket is closed by other side while there were still unhandled data in the socket buffer
2020-12-16 03:33:33,325 WARN 1113 [ClusterClient:Watcher] follower closed, and try to init it again
2020-12-16 05:21:44,846 WARN 1113 [ClusterClient:Watcher] follower closed, and try to init it again
2020-12-16 08:58:12,570 WARN 1113 [ClusterClient:Watcher] follower closed, and try to init it again
2020-12-16 09:06:33,241 WARN 1113 [ClusterClient:Watcher] follower closed, and try to init it again
2020-12-16 10:44:24,058 WARN 1113 [TCPBase] socket is closed by other side while there were still unhandled data in the socket buffer
2020-12-16 10:44:24,059 WARN 1113 [ClusterClient:Watcher] follower closed, and try to init it again
2020-12-16 12:17:13,121 WARN 1113 [ClusterClient:Watcher] follower closed, and try to init it again
2020-12-16 14:05:27,434 WARN 1113 [TCPBase] socket is closed by other side while there were still unhandled data in the socket buffer
2020-12-16 14:05:27,435 WARN 1113 [ClusterClient:Watcher] follower closed, and try to init it again
2020-12-16 15:53:42,714 WARN 1113 [ClusterClient:Watcher] follower closed, and try to init it again
2020-12-16 17:41:52,185 WARN 1113 [ClusterClient:Watcher] follower closed, and try to init it again
2020-12-16 19:30:01,763 WARN 1113 [TCPBase] socket is closed by other side while there were still unhandled data in the socket buffer
2020-12-16 19:30:01,763 WARN 1113 [ClusterClient:Watcher] follower closed, and try to init it again
2020-12-16 21:14:16,092 WARN 1113 [TCPBase] socket is closed by other side while there were still unhandled data in the socket buffer
2020-12-16 21:14:16,093 WARN 1113 [ClusterClient:Watcher] follower closed, and try to init it again
2020-12-16 22:59:23,988 WARN 1113 [TCPBase] socket is closed by other side while there were still unhandled data in the socket buffer
2020-12-16 22:59:23,994 WARN 1113 [ClusterClient:Watcher] follower closed, and try to init it again
2020-12-17 02:35:48,640 WARN 1113 [TCPBase] socket is closed by other side while there were still unhandled data in the socket buffer
2020-12-17 02:35:48,646 WARN 1113 [ClusterClient:Watcher] follower closed, and try to init it again
2020-12-17 04:24:03,770 WARN 1113 [ClusterClient:Watcher] follower closed, and try to init it again
2020-12-17 09:15:25,281 WARN 1113 [TCPBase] socket is closed by other side while there were still unhandled data in the socket buffer
2020-12-17 09:15:25,297 WARN 1113 [ClusterClient:Watcher] follower closed, and try to init it again
2020-12-21 08:40:49,479 WARN 1113 [ClusterClient:Watcher] follower closed, and try to init it again
2020-12-22 21:27:09,643 WARN 1113 [ClusterClient:Watcher] follower closed, and try to init it again
2020-12-22 22:00:52,823 INFO 3241 [egg:logger] init all loggers with options: {"dir":"/Users/don/Documents/project/node_study/07-egg/egg-example/logs/egg-example","encoding":"utf8","env":"local","level":"INFO","consoleLevel":"INFO","disableConsoleAfterReady":false,"outputJSON":false,"buffer":true,"appLogName":"egg-example-web.log","coreLogName":"egg-web.log","agentLogName":"egg-agent.log","errorLogName":"common-error.log","coreLogger":{"consoleLevel":"WARN"},"allowDebugAtProd":false,"type":"application"}
2020-12-22 22:00:52,851 INFO 3241 [egg-multipart] stream mode enable
2020-12-22 22:00:52,961 INFO 3241 [egg-static] starting static serve /public/ -> /Users/don/Documents/project/node_study/07-egg/egg-example/app/public
2020-12-22 22:00:52,963 INFO 3241 [egg-security] use csrf middleware
2020-12-22 22:00:52,964 INFO 3241 [egg-security] use methodnoallow middleware
2020-12-22 22:00:52,965 INFO 3241 [egg-security] use noopen middleware
2020-12-22 22:00:52,965 INFO 3241 [egg-security] use nosniff middleware
2020-12-22 22:00:52,966 INFO 3241 [egg-security] use xssProtection middleware
2020-12-22 22:00:52,967 INFO 3241 [egg-security] use xframe middleware
2020-12-22 22:00:52,967 INFO 3241 [egg-security] use dta middleware
2020-12-22 22:00:52,967 INFO 3241 [egg-security] compose 7 middlewares into one security middleware
2020-12-22 22:00:52,976 INFO 3241 [egg:core] dump config after load, 4ms
2020-12-22 22:00:52,986 INFO 3241 [egg-watcher:application] watcher start success
2020-12-22 22:00:52,991 INFO 3241 [egg:core] dump config after ready, 3ms
